<?xml version="1.0" encoding="UTF-8"?>
<testng-results skipped="0" failed="0" ignored="0" total="5" passed="5">
  <reporter-output>
  </reporter-output>
  <suite name="Suite" duration-ms="55800" started-at="2020-07-10T14:51:04 IST" finished-at="2020-07-10T14:51:59 IST">
    <groups>
      <group name="shruti">
        <method signature="FirstTest.dateSelection()[pri:0, instance:omg.July.FirstTest@70be0a2b]" name="dateSelection" class="omg.July.FirstTest"/>
        <method signature="ThirdTest.framehandle()[pri:0, instance:omg.July.ThirdTest@7fc2413d]" name="framehandle" class="omg.July.ThirdTest"/>
      </group> <!-- shruti -->
    </groups>
    <test name="Test" duration-ms="55800" started-at="2020-07-10T14:51:04 IST" finished-at="2020-07-10T14:51:59 IST">
      <class name="omg.July.ThirdTest">
        <test-method status="PASS" signature="actioui()[pri:0, instance:omg.July.ThirdTest@7fc2413d]" name="actioui" duration-ms="19716" started-at="2020-07-10T14:51:04 IST" finished-at="2020-07-10T14:51:23 IST">
          <reporter-output>
          </reporter-output>
        </test-method> <!-- actioui -->
      </class> <!-- omg.July.ThirdTest -->
      <class name="omg.July.Fourthtest">
        <test-method status="PASS" signature="dropdown()[pri:0, instance:omg.July.Fourthtest@7995092a]" name="dropdown" duration-ms="29024" started-at="2020-07-10T14:51:04 IST" finished-at="2020-07-10T14:51:33 IST">
          <reporter-output>
          </reporter-output>
        </test-method> <!-- dropdown -->
        <test-method status="PASS" signature="showw(java.lang.String, java.lang.String)[pri:0, instance:omg.July.Fourthtest@7995092a]" name="showw" duration-ms="1" started-at="2020-07-10T14:51:33 IST" finished-at="2020-07-10T14:51:33 IST">
          <params>
            <param index="0">
              <value>
                <![CDATA[shruti]]>
              </value>
            </param>
            <param index="1">
              <value>
                <![CDATA[wankhade]]>
              </value>
            </param>
          </params>
          <reporter-output>
          </reporter-output>
        </test-method> <!-- showw -->
      </class> <!-- omg.July.Fourthtest -->
      <class name="omg.July.SecondTest">
        <test-method status="PASS" signature="nolink()[pri:0, instance:omg.July.SecondTest@f8c1ddd]" name="nolink" duration-ms="39559" started-at="2020-07-10T14:51:04 IST" finished-at="2020-07-10T14:51:43 IST">
          <reporter-output>
          </reporter-output>
        </test-method> <!-- nolink -->
      </class> <!-- omg.July.SecondTest -->
      <class name="omg.July.FirstTest">
        <test-method status="PASS" signature="dateSelection()[pri:0, instance:omg.July.FirstTest@70be0a2b]" name="dateSelection" duration-ms="26682" started-at="2020-07-10T14:51:33 IST" finished-at="2020-07-10T14:51:59 IST">
          <reporter-output>
          </reporter-output>
        </test-method> <!-- dateSelection -->
      </class> <!-- omg.July.FirstTest -->
    </test> <!-- Test -->
  </suite> <!-- Suite -->
</testng-results>
