<?xml version="1.0" encoding="UTF-8"?>
<testsuite xmlns:xsi="http://www.w3.org/2001/XMLSchema-instance" xsi:noNamespaceSchemaLocation="https://maven.apache.org/surefire/maven-surefire-plugin/xsd/surefire-test-report-3.0.xsd" version="3.0" name="TestSuite" time="57.819" tests="5" errors="0" skipped="0" failures="0">
  <properties>
[...]
</properties>
  <testcase name="actioui" classname="omg.July.ThirdTest" time="20.108">
    <system-err><![CDATA[SSttaarrttiinngg  CChhrroomemDeDririvevrer 8 383.0..04.411030.3.3399  ((ccccbbff001111ccbb22dd22b1b91b95b056d08464d4804044843080641834328c6210c3d4-2rcef2s0/cbrda-nrcehf-sh/eabdrsa/n4c1h03-@h{#e416a})d so/n 4p1or0t3 3@85{39#4
O1n6ly} )lo coan lpo rcto n1n2e5cti9o8ns
 Oanrley  alloclaolwe dc.on
nPelctieoansse  asree ea hllttopwesd:.//
chPrloemasee drseivee rh.tcthprso:m/i/uchrom.meodrgri/vesre.ccuhrriotmiyu-mco.nosrigd/esreactuirointys- cfoonrs isduegrgaetsitoionnss  foonr  kseuegpgiensgt iCohnrso moenD kerievper insga fCher.om
eDriver safe.
ChromeDriver was started successfully.
ChromeDriver was started successfully.
Starting ChromeDriver 83.0.4103.39 (ccbf011cb2d2b19b506d844400483861342c20cd-refs/branch-heads/4103@{#416}) on port 15678
Only local connections are allowed.
Please see https://chromedriver.chromium.org/security-considerations for suggestions on keeping ChromeDriver safe.
ChromeDriver was started successfully.
Jul 10, 2020 2:51:12 PM org.openqa.selenium.remote.ProtocolHandshake createSession
INFO: Detected dialect: W3C
Jul 10, 2020 2:51:12 PM org.openqa.selenium.remote.ProtocolHandshake createSession
INFO: Detected dialect: W3C
Jul 10, 2020 2:51:12 PM org.openqa.selenium.remote.ProtocolHandshake createSession
INFO: Detected dialect: W3C
]]></system-err>
  </testcase>
  <testcase name="dropdown" classname="omg.July.Fourthtest" time="9.044">
    <system-out><![CDATA[27
20
5
Practice Page
Apache JMeter - Apache JMeter™
]]></system-out>
    <system-err><![CDATA[Starting ChromeDriver 83.0.4103.39 (ccbf011cb2d2b19b506d844400483861342c20cd-refs/branch-heads/4103@{#416}) on port 12867
Only local connections are allowed.
Please see https://chromedriver.chromium.org/security-considerations for suggestions on keeping ChromeDriver safe.
ChromeDriver was started successfully.
Jul 10, 2020 2:51:27 PM org.openqa.selenium.remote.ProtocolHandshake createSession
INFO: Detected dialect: W3C
]]></system-err>
  </testcase>
  <testcase name="showw[shruti, wankhade](1)" classname="omg.July.Fourthtest" time="0.015">
    <system-out><![CDATA[shruti
wankhade
]]></system-out>
  </testcase>
  <testcase name="nolink" classname="omg.July.SecondTest" time="10.632">
    <system-out><![CDATA[Appium: Mobile App Automation Made Awesome.
The World's Most Popular API Testing Tool | SoapUI
REST API Tutorial
Practice Page
]]></system-out>
    <system-err><![CDATA[Starting ChromeDriver 83.0.4103.39 (ccbf011cb2d2b19b506d844400483861342c20cd-refs/branch-heads/4103@{#416}) on port 5288
Only local connections are allowed.
Please see https://chromedriver.chromium.org/security-considerations for suggestions on keeping ChromeDriver safe.
ChromeDriver was started successfully.
Exception in thread "TestNG-test=Test-2" java.lang.NullPointerException
	at omg.July.base.getScreenshotpath(base.java:46)
	at omg.July.Listeners.onTestFailure(Listeners.java:35)
	at org.testng.internal.TestListenerHelper.runTestListeners(TestListenerHelper.java:66)
	at org.testng.internal.TestInvoker.runTestResultListener(TestInvoker.java:219)
	at org.testng.internal.TestInvoker$MethodInvocationAgent.invoke(TestInvoker.java:826)
	at org.testng.internal.TestInvoker.invokeTestMethods(TestInvoker.java:146)
	at org.testng.internal.TestMethodWorker.invokeTestMethods(TestMethodWorker.java:146)
	at org.testng.internal.TestMethodWorker.run(TestMethodWorker.java:128)
	at java.util.concurrent.ThreadPoolExecutor.runWorker(ThreadPoolExecutor.java:1149)
	at java.util.concurrent.ThreadPoolExecutor$Worker.run(ThreadPoolExecutor.java:624)
	at java.lang.Thread.run(Thread.java:748)
Jul 10, 2020 2:51:36 PM org.openqa.selenium.remote.ProtocolHandshake createSession
INFO: Detected dialect: W3C
]]></system-err>
  </testcase>
  <testcase name="dateSelection" classname="omg.July.FirstTest" time="26.561"/>
</testsuite>