<?xml version="1.0" encoding="UTF-8"?>
<testng-results skipped="0" failed="0" ignored="0" total="3" passed="3">
  <reporter-output>
  </reporter-output>
  <suite name="Suite" duration-ms="46812" started-at="2020-07-09T18:05:01 IST" finished-at="2020-07-09T18:05:47 IST">
    <groups>
      <group name="shruti">
        <method signature="FirstTest.dateSelection()[pri:0, instance:omg.July.FirstTest@96def03]" name="dateSelection" class="omg.July.FirstTest"/>
        <method signature="ThirdTest.framehandle()[pri:0, instance:omg.July.ThirdTest@56528192]" name="framehandle" class="omg.July.ThirdTest"/>
      </group> <!-- shruti -->
    </groups>
    <test name="Test" duration-ms="46812" started-at="2020-07-09T18:05:01 IST" finished-at="2020-07-09T18:05:47 IST">
      <class name="omg.July.Fourthtest">
        <test-method status="PASS" signature="dropdown()[pri:0, instance:omg.July.Fourthtest@49c386c8]" name="dropdown" duration-ms="32178" started-at="2020-07-09T18:05:01 IST" finished-at="2020-07-09T18:05:33 IST">
          <reporter-output>
          </reporter-output>
        </test-method> <!-- dropdown -->
        <test-method status="PASS" signature="showw(java.lang.String, java.lang.String)[pri:0, instance:omg.July.Fourthtest@49c386c8]" name="showw" duration-ms="5" started-at="2020-07-09T18:05:33 IST" finished-at="2020-07-09T18:05:33 IST">
          <params>
            <param index="0">
              <value>
                <![CDATA[shruti]]>
              </value>
            </param>
            <param index="1">
              <value>
                <![CDATA[wankhade]]>
              </value>
            </param>
          </params>
          <reporter-output>
          </reporter-output>
        </test-method> <!-- showw -->
      </class> <!-- omg.July.Fourthtest -->
      <class name="omg.July.ThirdTest">
        <test-method status="PASS" signature="actioui()[pri:0, instance:omg.July.ThirdTest@56528192]" name="actioui" duration-ms="15511" started-at="2020-07-09T18:05:01 IST" finished-at="2020-07-09T18:05:16 IST">
          <reporter-output>
          </reporter-output>
        </test-method> <!-- actioui -->
      </class> <!-- omg.July.ThirdTest -->
    </test> <!-- Test -->
  </suite> <!-- Suite -->
</testng-results>
